<?xml version="1.0" encoding="UTF-8"?>
<!-- Generated by org.testng.reporters.JUnitXMLReporter -->
<testsuite ignored="0" hostname="LAPTOP-SFCRMBPM" failures="0" tests="5" name="Prueba Tecnica" time="74.776" errors="0" timestamp="2021-09-18T03:29:34 CLST">
  <testcase classname="com.QSTestNG.CargaHome" name="cargaHome" time="0.302"/>
  <testcase classname="com.QSTestNG.Busqueda" name="search_Blouses" time="1.694"/>
  <testcase classname="com.QSTestNG.SeleccionArticulo" name="agregaArticulo" time="7.425"/>
  <testcase classname="com.QSTestNG.ContinuarCompra" name="continuarCompra" time="15.863"/>
  <testcase classname="com.QSTestNG.AgregaCarrito" name="agregaCarrito" time="11.381"/>
</testsuite> <!-- Prueba Tecnica -->
