<?xml version="1.0" encoding="UTF-8"?>
<testng-results ignored="0" total="2" passed="2" failed="0" skipped="0">
  <reporter-output>
  </reporter-output>
  <suite started-at="2021-10-30T21:22:33 CLST" name="Suite" finished-at="2021-10-30T21:22:48 CLST" duration-ms="14893">
    <groups>
    </groups>
    <test started-at="2021-10-30T21:22:33 CLST" name="Prueba Tecnica Web" finished-at="2021-10-30T21:22:48 CLST" duration-ms="14893">
      <class name="com.Copec.CargaHome">
        <test-method is-config="true" signature="beforeClass()[pri:0, instance:com.Copec.CargaHome@64cd705f]" started-at="2021-10-30T21:22:33 CLST" name="beforeClass" finished-at="2021-10-30T21:22:37 CLST" duration-ms="3809" status="PASS">
          <reporter-output>
          </reporter-output>
        </test-method> <!-- beforeClass -->
        <test-method signature="cargaHome()[pri:0, instance:com.Copec.CargaHome@64cd705f]" started-at="2021-10-30T21:22:37 CLST" name="cargaHome" finished-at="2021-10-30T21:22:38 CLST" duration-ms="573" status="PASS">
          <reporter-output>
          </reporter-output>
        </test-method> <!-- cargaHome -->
        <test-method is-config="true" signature="afterClass()[pri:0, instance:com.Copec.CargaHome@64cd705f]" started-at="2021-10-30T21:22:38 CLST" name="afterClass" finished-at="2021-10-30T21:22:38 CLST" duration-ms="90" status="PASS">
          <reporter-output>
          </reporter-output>
        </test-method> <!-- afterClass -->
      </class> <!-- com.Copec.CargaHome -->
      <class name="com.Copec.Login">
        <test-method is-config="true" signature="beforeClass()[pri:0, instance:com.Copec.Login@4f209819]" started-at="2021-10-30T21:22:38 CLST" name="beforeClass" finished-at="2021-10-30T21:22:41 CLST" duration-ms="3211" status="PASS">
          <reporter-output>
          </reporter-output>
        </test-method> <!-- beforeClass -->
        <test-method signature="Login()[pri:0, instance:com.Copec.Login@4f209819]" started-at="2021-10-30T21:22:41 CLST" name="Login" finished-at="2021-10-30T21:22:48 CLST" duration-ms="7079" status="PASS">
          <reporter-output>
          </reporter-output>
        </test-method> <!-- Login -->
        <test-method is-config="true" signature="afterClass()[pri:0, instance:com.Copec.Login@4f209819]" started-at="2021-10-30T21:22:48 CLST" name="afterClass" finished-at="2021-10-30T21:22:48 CLST" duration-ms="100" status="PASS">
          <reporter-output>
          </reporter-output>
        </test-method> <!-- afterClass -->
      </class> <!-- com.Copec.Login -->
    </test> <!-- Prueba Tecnica Web -->
  </suite> <!-- Suite -->
</testng-results>
